 number of blocks                 500
 number of per block                1
 output frequency                   1
 temperature               0.00006967
 Nose-Hoover                F
 Maximum single part. disp.  0.440000
 
 Quantum Langevin dyn. with PIOUD integrator
 
 *************************************
 PIOUD integrator parameters
 time step = 0.4400000000000000
 friction (gamma) = 4.440000000000000E-02
 delta0 = 0.000000000000000E+00
 second order Trotter beakup
 Quantum MD: Path integral Langevin!!!!
 Generalized dynamics in the bead eigenmodes
 delta0k, delta0q = 1.000000000000000 0.000000000000000E+00
  Warning  delta_0 >= dt !!! Changed to  0.4400000000000000
 *************************************
 initial potential =    -37.2063


 start of dynamics 




1)block   2)nmove   3)H   4)H_Nosé   5)E_pot   6)E_kin   7)Temp(Ha)   8)Temp(K)   9)quantum_kin_virial   10)quantum_kin_primitive  


     1     1  -36.35024       0.000000      -37.20634      0.8561032      0.6966985E-04   22.00000      0.6688306E-02  0.8561032    
     2     1  -36.37843       0.000000      -37.21082      0.8323863      0.6773977E-04   21.39053      0.2176305E-01  0.7831107    
     3     1  -36.40777       0.000000      -37.21058      0.8028029      0.6533227E-04   20.63030      0.5082998E-01  0.6476861    
     4     1  -36.40958       0.000000      -37.21244      0.8028593      0.6533686E-04   20.63175      0.7498578E-01  0.5254109    
     5     1  -36.37160       0.000000      -37.21060      0.8390032      0.6827826E-04   21.56057      0.8997744E-01  0.4312225    
     6     1  -36.34216       0.000000      -37.20028      0.8581130      0.6983342E-04   22.05165      0.9598720E-01  0.3661481    
     7     1  -36.32662       0.000000      -37.18402      0.8573947      0.6977496E-04   22.03319      0.9180494E-01  0.3176492    
     8     1  -36.33332       0.000000      -37.16914      0.8358227      0.6801943E-04   21.47884      0.8164402E-01  0.2788236    
     9     1  -36.33030       0.000000      -37.16549      0.8351854      0.6796756E-04   21.46246      0.7259102E-01  0.2506521    
    10     1  -36.33715       0.000000      -37.17335      0.8362025      0.6805034E-04   21.48860      0.7279026E-01  0.2331830    
    11     1  -36.33374       0.000000      -37.19068      0.8569485      0.6973865E-04   22.02172      0.8049133E-01  0.2219111    
    12     1  -36.34096       0.000000      -37.20919      0.8682294      0.7065669E-04   22.31162      0.8950217E-01  0.2109926    
    13     1  -36.32176       0.000000      -37.21978      0.8980220      0.7308121E-04   23.07722      0.9702857E-01  0.2003331    
    14     1  -36.32677       0.000000      -37.21938      0.8926095      0.7264075E-04   22.93813      0.1007131      0.1890164    
    15     1  -36.31172       0.000000      -37.20819      0.8964757      0.7295538E-04   23.03749      0.1022501      0.1776618    
    16     1  -36.32145       0.000000      -37.19509      0.8736469      0.7109757E-04   22.45084      0.9961659E-01  0.1666969    
    17     1  -36.31585       0.000000      -37.18685      0.8709990      0.7088208E-04   22.38279      0.9584784E-01  0.1637004    
    18     1  -36.31891       0.000000      -37.18738      0.8684679      0.7067610E-04   22.31775      0.9383867E-01  0.1584059    
    19     1  -36.33580       0.000000      -37.19568      0.8598751      0.6997682E-04   22.09693      0.9546570E-01  0.1497620    
    20     1  -36.31967       0.000000      -37.20898      0.8893073      0.7237201E-04   22.85327      0.9940513E-01  0.1411464    
    21     1  -36.32926       0.000000      -37.22112      0.8918671      0.7258033E-04   22.91905      0.1038370      0.1282658    
    22     1  -36.31810       0.000000      -37.22880      0.9106983      0.7411282E-04   23.40298      0.1058138      0.1205309    
    23     1  -36.31281       0.000000      -37.22851      0.9156992      0.7451979E-04   23.53149      0.1044202      0.1196268    
    24     1  -36.32328       0.000000      -37.22221      0.8989280      0.7315495E-04   23.10051      0.9894395E-01  0.1244554    
    25     1  -36.32243       0.000000      -37.21438      0.8919507      0.7258714E-04   22.92121      0.9152872E-01  0.1271980    
    26     1  -36.32089       0.000000      -37.20769      0.8868007      0.7216803E-04   22.78886      0.8629983E-01  0.1279675    
    27     1  -36.33836       0.000000      -37.20898      0.8706225      0.7085144E-04   22.37312      0.8442590E-01  0.1274539    
    28     1  -36.34487       0.000000      -37.21809      0.8732206      0.7106288E-04   22.43988      0.8704353E-01  0.1284781    
    29     1  -36.34280       0.000000      -37.23006      0.8872629      0.7220564E-04   22.80074      0.9249878E-01  0.1296547    
    30     1  -36.36336       0.000000      -37.23855      0.8751963      0.7122365E-04   22.49065      0.9951908E-01  0.1316769    
    31     1  -36.34837       0.000000      -37.24092      0.8925478      0.7263573E-04   22.93655      0.1037317      0.1313231    
    32     1  -36.35293       0.000000      -37.23683      0.8838987      0.7193186E-04   22.71429      0.1052764      0.1281952    
    33     1  -36.34640       0.000000      -37.23130      0.8849025      0.7201355E-04   22.74008      0.1041669      0.1247381    
    34     1  -36.34283       0.000000      -37.22830      0.8854705      0.7205977E-04   22.75468      0.1007088      0.1231002    
    35     1  -36.36577       0.000000      -37.22745      0.8616852      0.7012412E-04   22.14345      0.9879806E-01  0.1174053    
    36     1  -36.36009       0.000000      -37.22929      0.8692014      0.7073579E-04   22.33660      0.9843821E-01  0.1145076    
    37     1  -36.34401       0.000000      -37.23306      0.8890483      0.7235094E-04   22.84662      0.1001187      0.1147416    
    38     1  -36.35462       0.000000      -37.23643      0.8818049      0.7176147E-04   22.66048      0.1030900      0.1123421    
    39     1  -36.36012       0.000000      -37.24048      0.8803653      0.7164431E-04   22.62349      0.1029266      0.1108637    
    40     1  -36.35336       0.000000      -37.24361      0.8902494      0.7244868E-04   22.87748      0.9953573E-01  0.1137279    
    41     1  -36.35955       0.000000      -37.24197      0.8824272      0.7181211E-04   22.67647      0.9585218E-01  0.1114057    
    42     1  -36.36577       0.000000      -37.23759      0.8718123      0.7094827E-04   22.40369      0.9182720E-01  0.1092571    
    43     1  -36.36506       0.000000      -37.23516      0.8700994      0.7080887E-04   22.35967      0.8861236E-01  0.1099383    
    44     1  -36.36917       0.000000      -37.23457      0.8654052      0.7042685E-04   22.23904      0.8760548E-01  0.1136300    
    45     1  -36.37895       0.000000      -37.23737      0.8584167      0.6985813E-04   22.05945      0.8763731E-01  0.1133323    
    46     1  -36.38283       0.000000      -37.24098      0.8581450      0.6983602E-04   22.05247      0.9003911E-01  0.1139697    
    47     1  -36.36687       0.000000      -37.24328      0.8764106      0.7132248E-04   22.52186      0.9558396E-01  0.1145993    
    48     1  -36.37785       0.000000      -37.24375      0.8658992      0.7046706E-04   22.25174      0.1000770      0.1147054    
    49     1  -36.36064       0.000000      -37.24069      0.8800460      0.7161833E-04   22.61528      0.1040747      0.1149169    
    50     1  -36.36843       0.000000      -37.23794      0.8695024      0.7076029E-04   22.34433      0.1063727      0.1121093    
    51     1  -36.35389       0.000000      -37.23654      0.8826543      0.7183059E-04   22.68231      0.1069675      0.1137562    
    52     1  -36.35608       0.000000      -37.23488      0.8788021      0.7151709E-04   22.58331      0.1073615      0.1187869    
    53     1  -36.37883       0.000000      -37.23553      0.8567023      0.6971861E-04   22.01540      0.1066338      0.1179293    
    54     1  -36.38317       0.000000      -37.23737      0.8541987      0.6951487E-04   21.95106      0.1058972      0.1169069    
    55     1  -36.36676       0.000000      -37.24106      0.8742917      0.7115004E-04   22.46741      0.1052170      0.1165181    
    56     1  -36.37258       0.000000      -37.24211      0.8695224      0.7076191E-04   22.34484      0.1066543      0.1105139    
    57     1  -36.39361       0.000000      -37.24238      0.8487654      0.6907270E-04   21.81143      0.1074430      0.1029547    
    58     1  -36.38408       0.000000      -37.24375      0.8596749      0.6996052E-04   22.09179      0.1047107      0.9834421E-01
    59     1  -36.38318       0.000000      -37.24282      0.8596422      0.6995786E-04   22.09095      0.1015611      0.9405765E-01
    60     1  -36.38348       0.000000      -37.24100      0.8575230      0.6978540E-04   22.03649      0.9785888E-01  0.9421748E-01
    61     1  -36.37871       0.000000      -37.24134      0.8626304      0.7020104E-04   22.16774      0.9260236E-01  0.9903925E-01
    62     1  -36.38234       0.000000      -37.24130      0.8589571      0.6990211E-04   22.07334      0.8994075E-01  0.9695979E-01
    63     1  -36.38727       0.000000      -37.24179      0.8545208      0.6954108E-04   21.95934      0.8914808E-01  0.9466166E-01
    64     1  -36.39592       0.000000      -37.24317      0.8472445      0.6894893E-04   21.77235      0.8838240E-01  0.9480094E-01
    65     1  -36.40186       0.000000      -37.24522      0.8433576      0.6863262E-04   21.67247      0.8947019E-01  0.9573908E-01
    66     1  -36.40577       0.000000      -37.24480      0.8390315      0.6828056E-04   21.56129      0.8974642E-01  0.9846856E-01
    67     1  -36.37865       0.000000      -37.24344      0.8647979      0.7037743E-04   22.22344      0.9000474E-01  0.1040145    
    68     1  -36.38843       0.000000      -37.24105      0.8526137      0.6938588E-04   21.91033      0.8981967E-01  0.1042888    
    69     1  -36.39546       0.000000      -37.23886      0.8434035      0.6863635E-04   21.67365      0.9083939E-01  0.1050106    
    70     1  -36.38423       0.000000      -37.23936      0.8551261      0.6959034E-04   21.97489      0.9264559E-01  0.1056729    
    71     1  -36.38289       0.000000      -37.24171      0.8588260      0.6989144E-04   22.06997      0.9332104E-01  0.1087910    
    72     1  -36.38875       0.000000      -37.24538      0.8566352      0.6971315E-04   22.01367      0.9445875E-01  0.1119924    
    73     1  -36.39598       0.000000      -37.24685      0.8508701      0.6924398E-04   21.86552      0.9491067E-01  0.1126915    
    74     1  -36.39187       0.000000      -37.24591      0.8540396      0.6950192E-04   21.94697      0.9529598E-01  0.1119658    
    75     1  -36.38267       0.000000      -37.24544      0.8627677      0.7021222E-04   22.17126      0.9530230E-01  0.1073654    
    76     1  -36.38907       0.000000      -37.24380      0.8547260      0.6955778E-04   21.96461      0.9572515E-01  0.1040738    
    77     1  -36.39002       0.000000      -37.24236      0.8523400      0.6936361E-04   21.90330      0.9588536E-01  0.1034102    
    78     1  -36.38685       0.000000      -37.24303      0.8561771      0.6967587E-04   22.00190      0.9469160E-01  0.1068580    
    79     1  -36.39832       0.000000      -37.24451      0.8461923      0.6886331E-04   21.74531      0.9444244E-01  0.1038724    
    80     1  -36.39188       0.000000      -37.24570      0.8538130      0.6948348E-04   21.94115      0.9487134E-01  0.1022471    
    81     1  -36.39836       0.000000      -37.24619      0.8478273      0.6899636E-04   21.78733      0.9549674E-01  0.1084387    
    82     1  -36.37591       0.000000      -37.24758      0.8716651      0.7093629E-04   22.39991      0.9614875E-01  0.1104509    
    83     1  -36.39349       0.000000      -37.24843      0.8549474      0.6957580E-04   21.97030      0.9647058E-01  0.1084529    
    84     1  -36.38755       0.000000      -37.24800      0.8604492      0.7002353E-04   22.11168      0.9554377E-01  0.1121415    
    85     1  -36.36877       0.000000      -37.24522      0.8764452      0.7132530E-04   22.52275      0.9555123E-01  0.1106329    
    86     1  -36.39089       0.000000      -37.24451      0.8536175      0.6946757E-04   21.93612      0.9497652E-01  0.1107197    
    87     1  -36.39091       0.000000      -37.24493      0.8540269      0.6950089E-04   21.94665      0.9372442E-01  0.1113412    
    88     1  -36.38944       0.000000      -37.24543      0.8559931      0.6966090E-04   21.99717      0.9264488E-01  0.1088352    
    89     1  -36.37903       0.000000      -37.24413      0.8651028      0.7040225E-04   22.23127      0.9432398E-01  0.1085487    
    90     1  -36.38307       0.000000      -37.24357      0.8604921      0.7002703E-04   22.11279      0.9765354E-01  0.1077737    
    91     1  -36.38148       0.000000      -37.24423      0.8627512      0.7021087E-04   22.17084      0.9983926E-01  0.1098955    
    92     1  -36.38252       0.000000      -37.24547      0.8629506      0.7022710E-04   22.17596      0.1010463      0.1130050    
    93     1  -36.37505       0.000000      -37.24630      0.8712563      0.7090302E-04   22.38940      0.1025900      0.1133333    
    94     1  -36.36726       0.000000      -37.24623      0.8789743      0.7153111E-04   22.58774      0.1042367      0.1101739    
    95     1  -36.38430       0.000000      -37.24508      0.8607724      0.7004983E-04   22.11999      0.1066238      0.1069550    
    96     1  -36.37885       0.000000      -37.24411      0.8652615      0.7041516E-04   22.23535      0.1070438      0.1072803    
    97     1  -36.37961       0.000000      -37.24245      0.8628477      0.7021873E-04   22.17332      0.1066547      0.1065736    
    98     1  -36.37553       0.000000      -37.24203      0.8665000      0.7051595E-04   22.26717      0.1036747      0.1062171    
    99     1  -36.39293       0.000000      -37.24434      0.8514150      0.6928833E-04   21.87952      0.9949191E-01  0.1066934    
   100     1  -36.39154       0.000000      -37.24655      0.8550079      0.6958072E-04   21.97185      0.9450391E-01  0.1061256    
   101     1  -36.39931       0.000000      -37.24949      0.8501774      0.6918761E-04   21.84772      0.9056169E-01  0.1045234    
   102     1  -36.39549       0.000000      -37.24932      0.8538288      0.6948476E-04   21.94155      0.8979206E-01  0.1041628    
   103     1  -36.39003       0.000000      -37.24843      0.8584006      0.6985682E-04   22.05904      0.9066848E-01  0.1040565    
   104     1  -36.40053       0.000000      -37.24815      0.8476266      0.6898003E-04   21.78217      0.9098421E-01  0.9908965E-01
   105     1  -36.39610       0.000000      -37.24727      0.8511758      0.6926886E-04   21.87338      0.9085521E-01  0.9824224E-01
   106     1  -36.40116       0.000000      -37.24773      0.8465661      0.6889373E-04   21.75492      0.9125334E-01  0.1001816    
   107     1  -36.40542       0.000000      -37.24771      0.8422912      0.6854584E-04   21.64506      0.9265629E-01  0.1033669    
   108     1  -36.38656       0.000000      -37.24759      0.8610307      0.7007086E-04   22.12663      0.9396023E-01  0.1061882    
   109     1  -36.39281       0.000000      -37.24792      0.8551038      0.6958852E-04   21.97432      0.9306039E-01  0.1086762    
   110     1  -36.39601       0.000000      -37.24691      0.8508998      0.6924641E-04   21.86629      0.9344049E-01  0.1032611    
   111     1  -36.39930       0.000000      -37.24582      0.8465235      0.6889026E-04   21.75382      0.9702187E-01  0.9214352E-01
   112     1  -36.39728       0.000000      -37.24647      0.8491812      0.6910654E-04   21.82212      0.1002676      0.8743193E-01
   113     1  -36.39875       0.000000      -37.24544      0.8466903      0.6890383E-04   21.75811      0.1031642      0.9015019E-01
   114     1  -36.39544       0.000000      -37.24359      0.8481543      0.6902298E-04   21.79573      0.1058176      0.9648251E-01
   115     1  -36.37701       0.000000      -37.24334      0.8663362      0.7050262E-04   22.26297      0.1057390      0.1042602    
   116     1  -36.38609       0.000000      -37.24428      0.8581967      0.6984023E-04   22.05380      0.1035509      0.1032875    
   117     1  -36.37866       0.000000      -37.24496      0.8663085      0.7050036E-04   22.26225      0.1011823      0.1002839    
   118     1  -36.38041       0.000000      -37.24488      0.8644639      0.7035025E-04   22.21485      0.9918070E-01  0.1002704    
   119     1  -36.38171       0.000000      -37.24412      0.8624126      0.7018332E-04   22.16214      0.9798487E-01  0.9587456E-01
   120     1  -36.37343       0.000000      -37.24448      0.8710575      0.7088684E-04   22.38429      0.9797171E-01  0.9301763E-01
   121     1  -36.38472       0.000000      -37.24547      0.8607484      0.7004789E-04   22.11937      0.9878081E-01  0.9071902E-01
   122     1  -36.39411       0.000000      -37.24820      0.8540855      0.6950565E-04   21.94815      0.9984042E-01  0.9123196E-01
   123     1  -36.38291       0.000000      -37.24953      0.8666245      0.7052608E-04   22.27037      0.9890681E-01  0.9393787E-01
   124     1  -36.38316       0.000000      -37.24879      0.8656319      0.7044531E-04   22.24487      0.9719533E-01  0.9714869E-01
   125     1  -36.38089       0.000000      -37.24866      0.8677758      0.7061977E-04   22.29996      0.9517795E-01  0.1000623    
   126     1  -36.38909       0.000000      -37.24845      0.8593587      0.6993479E-04   22.08366      0.9349642E-01  0.1002062    
   127     1  -36.39001       0.000000      -37.24840      0.8583891      0.6985588E-04   22.05874      0.9445253E-01  0.9668361E-01
   128     1  -36.40225       0.000000      -37.24766      0.8454068      0.6879938E-04   21.72513      0.9513120E-01  0.9796408E-01
   129     1  -36.39204       0.000000      -37.24907      0.8570288      0.6974518E-04   22.02379      0.9484351E-01  0.1058647    
   130     1  -36.37896       0.000000      -37.24911      0.8701563      0.7081350E-04   22.36114      0.9495186E-01  0.1074027    
   131     1  -36.38634       0.000000      -37.24685      0.8605118      0.7002863E-04   22.11329      0.9511925E-01  0.1068731    
   132     1  -36.38932       0.000000      -37.24494      0.8556180      0.6963037E-04   21.98753      0.9653950E-01  0.1087667    
   133     1  -36.39113       0.000000      -37.24380      0.8526722      0.6939064E-04   21.91183      0.9829533E-01  0.1102530    
   134     1  -36.38555       0.000000      -37.24327      0.8577252      0.6980186E-04   22.04168      0.1016696      0.1093284    
   135     1  -36.38377       0.000000      -37.24247      0.8587050      0.6988159E-04   22.06686      0.1053404      0.1094953    
   136     1  -36.38464       0.000000      -37.24312      0.8584888      0.6986399E-04   22.06130      0.1073818      0.1110355    
   137     1  -36.38203       0.000000      -37.24515      0.8631260      0.7024138E-04   22.18047      0.1075296      0.1132712    
   138     1  -36.38369       0.000000      -37.24608      0.8623911      0.7018156E-04   22.16159      0.1075458      0.1087734    
   139     1  -36.38317       0.000000      -37.24618      0.8630157      0.7023240E-04   22.17764      0.1047554      0.1076854    
   140     1  -36.38657       0.000000      -37.24693      0.8603592      0.7001621E-04   22.10937      0.9868400E-01  0.1105713    
   141     1  -36.38248       0.000000      -37.24742      0.8649384      0.7038887E-04   22.22705      0.9156598E-01  0.1128278    
   142     1  -36.38548       0.000000      -37.24766      0.8621767      0.7016412E-04   22.15608      0.8684803E-01  0.1131997    
   143     1  -36.37784       0.000000      -37.24831      0.8704671      0.7083880E-04   22.36912      0.8467481E-01  0.1205947    
   144     1  -36.38323       0.000000      -37.24805      0.8648152      0.7037884E-04   22.22388      0.8532749E-01  0.1199980    
   145     1  -36.37836       0.000000      -37.24640      0.8680331      0.7064071E-04   22.30657      0.8836813E-01  0.1161890    
   146     1  -36.39011       0.000000      -37.24755      0.8574417      0.6977878E-04   22.03440      0.9257250E-01  0.1154155    
   147     1  -36.39420       0.000000      -37.24955      0.8553524      0.6960876E-04   21.98071      0.9652289E-01  0.1151053    
   148     1  -36.38982       0.000000      -37.25223      0.8624117      0.7018324E-04   22.16212      0.1002185      0.1136292    
   149     1  -36.38729       0.000000      -37.25256      0.8652652      0.7041546E-04   22.23544      0.1027098      0.1140979    
   150     1  -36.39385       0.000000      -37.25054      0.8566874      0.6971740E-04   22.01501      0.1035011      0.1094152    
   151     1  -36.39516       0.000000      -37.24895      0.8537807      0.6948085E-04   21.94032      0.1041852      0.1081531    
   152     1  -36.38263       0.000000      -37.24815      0.8655184      0.7043607E-04   22.24195      0.1035954      0.1084779    
   153     1  -36.39181       0.000000      -37.24737      0.8555599      0.6962564E-04   21.98604      0.1037272      0.1105257    
   154     1  -36.38970       0.000000      -37.24586      0.8561587      0.6967437E-04   22.00143      0.1051631      0.1075752    
   155     1  -36.38161       0.000000      -37.24598      0.8643743      0.7034296E-04   22.21255      0.1059019      0.1025818    
   156     1  -36.38805       0.000000      -37.24719      0.8591407      0.6991705E-04   22.07806      0.1052581      0.9963574E-01
   157     1  -36.38876       0.000000      -37.24742      0.8586558      0.6987759E-04   22.06560      0.1016815      0.1015757    
   158     1  -36.38785       0.000000      -37.24754      0.8596875      0.6996155E-04   22.09211      0.9687232E-01  0.1053868    
   159     1  -36.38700       0.000000      -37.24613      0.8591371      0.6991676E-04   22.07797      0.9311608E-01  0.1063368    
   160     1  -36.40538       0.000000      -37.24533      0.8399546      0.6835568E-04   21.58502      0.9111990E-01  0.1080726    
   161     1  -36.39375       0.000000      -37.24795      0.8542052      0.6951540E-04   21.95123      0.8812316E-01  0.1124616    
   162     1  -36.39466       0.000000      -37.25110      0.8564386      0.6969715E-04   22.00862      0.8827923E-01  0.1088011    
   163     1  -36.39672       0.000000      -37.25126      0.8545368      0.6954238E-04   21.95975      0.8868999E-01  0.1050245    
   164     1  -36.40080       0.000000      -37.25121      0.8504038      0.6920604E-04   21.85354      0.8945410E-01  0.9817493E-01
   165     1  -36.38835       0.000000      -37.25140      0.8630448      0.7023476E-04   22.17838      0.8953537E-01  0.9418210E-01
   166     1  -36.38655       0.000000      -37.24928      0.8627360      0.7020964E-04   22.17045      0.9236804E-01  0.9442244E-01
   167     1  -36.39099       0.000000      -37.24799      0.8570009      0.6974291E-04   22.02307      0.9718653E-01  0.9567167E-01
   168     1  -36.40198       0.000000      -37.24835      0.8463730      0.6887801E-04   21.74996      0.1007043      0.9671285E-01
   169     1  -36.39356       0.000000      -37.25124      0.8576791      0.6979810E-04   22.04050      0.1024064      0.9591560E-01
   170     1  -36.39370       0.000000      -37.25231      0.8586094      0.6987381E-04   22.06441      0.1033963      0.9443668E-01
   171     1  -36.39641       0.000000      -37.25251      0.8561007      0.6966965E-04   21.99994      0.1033168      0.9380610E-01
   172     1  -36.38954       0.000000      -37.25210      0.8625649      0.7019571E-04   22.16605      0.1022184      0.9747021E-01
   173     1  -36.39335       0.000000      -37.25192      0.8585682      0.6987046E-04   22.06335      0.1011627      0.1023335    
   174     1  -36.38569       0.000000      -37.25120      0.8655100      0.7043538E-04   22.24173      0.9928795E-01  0.1064509    
   175     1  -36.39319       0.000000      -37.25038      0.8571955      0.6975875E-04   22.02807      0.9335231E-01  0.1077355    
   176     1  -36.39770       0.000000      -37.24929      0.8515985      0.6930326E-04   21.88424      0.8563373E-01  0.1078822    
   177     1  -36.39171       0.000000      -37.24969      0.8579799      0.6982259E-04   22.04823      0.7968995E-01  0.1073632    
   178     1  -36.39922       0.000000      -37.24964      0.8504251      0.6920777E-04   21.85409      0.7689837E-01  0.1053158    
   179     1  -36.41001       0.000000      -37.24940      0.8393908      0.6830980E-04   21.57053      0.7571846E-01  0.1081467    
   180     1  -36.39759       0.000000      -37.24949      0.8519052      0.6932822E-04   21.89212      0.7650383E-01  0.1105500    
   181     1  -36.38446       0.000000      -37.25036      0.8658905      0.7046635E-04   22.25151      0.7855642E-01  0.1084154    
   182     1  -36.39187       0.000000      -37.25113      0.8592600      0.6992675E-04   22.08112      0.8395086E-01  0.1038813    
   183     1  -36.40130       0.000000      -37.25161      0.8503100      0.6919841E-04   21.85113      0.9080230E-01  0.1001621    
   184     1  -36.40629       0.000000      -37.25231      0.8460163      0.6884898E-04   21.74079      0.1017963      0.1006915    
   185     1  -36.40174       0.000000      -37.25272      0.8509850      0.6925333E-04   21.86847      0.1116010      0.1030418    
   186     1  -36.39979       0.000000      -37.25338      0.8535906      0.6946538E-04   21.93543      0.1176676      0.1065352    
   187     1  -36.39456       0.000000      -37.25317      0.8586102      0.6987387E-04   22.06442      0.1167784      0.1091197    
   188     1  -36.39852       0.000000      -37.25230      0.8537768      0.6948053E-04   21.94022      0.1135405      0.1076842    
   189     1  -36.40265       0.000000      -37.25127      0.8486178      0.6906069E-04   21.80764      0.1078517      0.1068500    
   190     1  -36.41959       0.000000      -37.25012      0.8305277      0.6758851E-04   21.34276      0.1012874      0.1026452    
   191     1  -36.40188       0.000000      -37.24947      0.8475813      0.6897634E-04   21.78101      0.9401075E-01  0.9940038E-01
   192     1  -36.40358       0.000000      -37.25026      0.8466823      0.6890318E-04   21.75790      0.8844106E-01  0.9727536E-01
   193     1  -36.39533       0.000000      -37.25064      0.8553088      0.6960521E-04   21.97959      0.8333385E-01  0.9598642E-01
   194     1  -36.38875       0.000000      -37.25160      0.8628522      0.7021909E-04   22.17343      0.7929765E-01  0.9725612E-01
   195     1  -36.39052       0.000000      -37.25171      0.8611889      0.7008373E-04   22.13069      0.7801243E-01  0.9162578E-01
   196     1  -36.40837       0.000000      -37.25177      0.8433973      0.6863585E-04   21.67349      0.7900267E-01  0.8682082E-01
   197     1  -36.40122       0.000000      -37.25264      0.8514189      0.6928865E-04   21.87962      0.8137188E-01  0.8864041E-01
   198     1  -36.39541       0.000000      -37.25170      0.8562894      0.6968501E-04   22.00479      0.8679522E-01  0.9543455E-01
   199     1  -36.41547       0.000000      -37.25014      0.8346643      0.6792515E-04   21.44907      0.9298549E-01  0.9896806E-01
   200     1  -36.39243       0.000000      -37.25030      0.8578673      0.6981342E-04   22.04533      0.9629213E-01  0.1056386    
   201     1  -36.39870       0.000000      -37.25064      0.8519462      0.6933156E-04   21.89318      0.9919908E-01  0.1101093    
   202     1  -36.39032       0.000000      -37.24890      0.8585804      0.6987145E-04   22.06366      0.1019948      0.1162512    
   203     1  -36.39180       0.000000      -37.24689      0.8550894      0.6958735E-04   21.97395      0.1052704      0.1185337    
   204     1  -36.39946       0.000000      -37.24664      0.8471851      0.6894410E-04   21.77083      0.1094387      0.1113854    
   205     1  -36.40079       0.000000      -37.24811      0.8473254      0.6895552E-04   21.77443      0.1137042      0.1029540    
   206     1  -36.40679       0.000000      -37.24863      0.8418467      0.6850966E-04   21.63364      0.1154254      0.9850833E-01
   207     1  -36.39435       0.000000      -37.24963      0.8552839      0.6960318E-04   21.97895      0.1146909      0.1003531    
   208     1  -36.40291       0.000000      -37.24959      0.8466853      0.6890343E-04   21.75798      0.1110446      0.1015285    
   209     1  -36.40605       0.000000      -37.24985      0.8437922      0.6866799E-04   21.68364      0.1055133      0.9966220E-01
   210     1  -36.40004       0.000000      -37.25142      0.8513798      0.6928547E-04   21.87862      0.9888762E-01  0.9964387E-01
   211     1  -36.38510       0.000000      -37.25184      0.8667400      0.7053549E-04   22.27334      0.9254738E-01  0.9572111E-01
   212     1  -36.39431       0.000000      -37.25163      0.8573142      0.6976841E-04   22.03112      0.8739999E-01  0.9144926E-01
   213     1  -36.40150       0.000000      -37.25249      0.8509871      0.6925351E-04   21.86853      0.8586881E-01  0.9136746E-01
   214     1  -36.38454       0.000000      -37.25300      0.8684668      0.7067601E-04   22.31772      0.8748574E-01  0.8786019E-01
   215     1  -36.38438       0.000000      -37.25262      0.8682371      0.7065731E-04   22.31181      0.9140614E-01  0.8457404E-01
   216     1  -36.40439       0.000000      -37.25234      0.8479532      0.6900661E-04   21.79056      0.9273463E-01  0.8328705E-01
   217     1  -36.38872       0.000000      -37.25285      0.8641295      0.7032304E-04   22.20626      0.9153063E-01  0.8122019E-01
   218     1  -36.39958       0.000000      -37.25171      0.8521371      0.6934710E-04   21.89808      0.8986999E-01  0.8139586E-01
   219     1  -36.38996       0.000000      -37.25034      0.8603824      0.7001810E-04   22.10997      0.9125204E-01  0.8547683E-01
   220     1  -36.39777       0.000000      -37.25063      0.8528683      0.6940660E-04   21.91687      0.9377260E-01  0.8625281E-01
   221     1  -36.40602       0.000000      -37.25171      0.8456927      0.6882265E-04   21.73247      0.9578396E-01  0.8643795E-01
   222     1  -36.39493       0.000000      -37.25301      0.8580838      0.6983104E-04   22.05090      0.9580818E-01  0.8897257E-01
   223     1  -36.40009       0.000000      -37.25238      0.8522917      0.6935968E-04   21.90205      0.9404576E-01  0.8892780E-01
   224     1  -36.40180       0.000000      -37.25233      0.8505287      0.6921620E-04   21.85675      0.9345233E-01  0.8543532E-01
   225     1  -36.40453       0.000000      -37.25407      0.8495435      0.6913602E-04   21.83143      0.9367701E-01  0.8643078E-01
   226     1  -36.40857       0.000000      -37.25477      0.8461984      0.6886381E-04   21.74547      0.9258258E-01  0.9057769E-01
   227     1  -36.41300       0.000000      -37.25324      0.8402465      0.6837944E-04   21.59252      0.9002198E-01  0.9165725E-01
   228     1  -36.41629       0.000000      -37.25228      0.8359985      0.6803373E-04   21.48335      0.8959803E-01  0.9307076E-01
   229     1  -36.39820       0.000000      -37.25149      0.8532908      0.6944098E-04   21.92773      0.8922396E-01  0.9846350E-01
   230     1  -36.38533       0.000000      -37.25207      0.8667437      0.7053578E-04   22.27344      0.8908430E-01  0.1013918    
   231     1  -36.40660       0.000000      -37.24963      0.8430250      0.6860555E-04   21.66392      0.9043302E-01  0.9847507E-01
   232     1  -36.40363       0.000000      -37.24881      0.8451788      0.6878082E-04   21.71927      0.9220779E-01  0.9481681E-01
   233     1  -36.39901       0.000000      -37.24938      0.8503735      0.6920357E-04   21.85276      0.9481390E-01  0.8776676E-01
   234     1  -36.39126       0.000000      -37.25036      0.8590932      0.6991318E-04   22.07684      0.9518940E-01  0.8318777E-01
   235     1  -36.39947       0.000000      -37.25086      0.8513868      0.6928603E-04   21.87880      0.9353406E-01  0.7875360E-01
   236     1  -36.39285       0.000000      -37.25125      0.8583910      0.6985604E-04   22.05879      0.9183873E-01  0.7682608E-01
   237     1  -36.39668       0.000000      -37.25248      0.8557991      0.6964511E-04   21.99219      0.9121561E-01  0.7823457E-01
   238     1  -36.39485       0.000000      -37.25191      0.8570659      0.6974820E-04   22.02474      0.9109544E-01  0.7986582E-01
   239     1  -36.39440       0.000000      -37.25094      0.8565420      0.6970556E-04   22.01128      0.9169529E-01  0.8922181E-01
   240     1  -36.39288       0.000000      -37.25216      0.8592812      0.6992849E-04   22.08167      0.9330283E-01  0.9638313E-01
   241     1  -36.39310       0.000000      -37.25282      0.8597222      0.6996437E-04   22.09300      0.9641851E-01  0.1005249    
   242     1  -36.39577       0.000000      -37.25214      0.8563621      0.6969092E-04   22.00665      0.1008316      0.1007589    
   243     1  -36.39920       0.000000      -37.25067      0.8514666      0.6929253E-04   21.88085      0.1017255      0.1018053    
   244     1  -36.37844       0.000000      -37.24884      0.8703976      0.7083314E-04   22.36734      0.1024388      0.1025622    
   245     1  -36.39012       0.000000      -37.24754      0.8574231      0.6977727E-04   22.03392      0.1031796      0.1023972    
   246     1  -36.39342       0.000000      -37.24677      0.8533472      0.6944558E-04   21.92918      0.1027130      0.1009157    
   247     1  -36.38707       0.000000      -37.24783      0.8607562      0.7004852E-04   22.11957      0.1019130      0.9565689E-01
   248     1  -36.38665       0.000000      -37.24838      0.8617295      0.7012773E-04   22.14458      0.1016206      0.9270904E-01
   249     1  -36.38759       0.000000      -37.24698      0.8593911      0.6993743E-04   22.08449      0.1016241      0.9087703E-01
   250     1  -36.38463       0.000000      -37.24696      0.8623338      0.7017690E-04   22.16011      0.1002242      0.9382839E-01
   251     1  -36.38732       0.000000      -37.24991      0.8625954      0.7019819E-04   22.16684      0.9835139E-01  0.1031975    
   252     1  -36.39868       0.000000      -37.25114      0.8524562      0.6937306E-04   21.90628      0.9617778E-01  0.1071289    
   253     1  -36.39995       0.000000      -37.25123      0.8512855      0.6927779E-04   21.87620      0.9417796E-01  0.1093700    
   254     1  -36.40220       0.000000      -37.25089      0.8486874      0.6906636E-04   21.80943      0.9197248E-01  0.1052806    
   255     1  -36.39678       0.000000      -37.25114      0.8543600      0.6952799E-04   21.95520      0.8816372E-01  0.1034497    
   256     1  -36.40241       0.000000      -37.25235      0.8499459      0.6916878E-04   21.84177      0.8576640E-01  0.1063315    
   257     1  -36.40540       0.000000      -37.25343      0.8480329      0.6901309E-04   21.79261      0.8443976E-01  0.1086124    
   258     1  -36.39465       0.000000      -37.25380      0.8591559      0.6991828E-04   22.07845      0.8307575E-01  0.1115821    
   259     1  -36.39695       0.000000      -37.25336      0.8564102      0.6969484E-04   22.00789      0.8416172E-01  0.1088260    
   260     1  -36.40654       0.000000      -37.25271      0.8461645      0.6886104E-04   21.74460      0.8618243E-01  0.1031641    
   261     1  -36.39317       0.000000      -37.25167      0.8585067      0.6986546E-04   22.06177      0.8922026E-01  0.1010123    
   262     1  -36.39942       0.000000      -37.25021      0.8507906      0.6923752E-04   21.86348      0.9147059E-01  0.9730189E-01
   263     1  -36.39681       0.000000      -37.24937      0.8525588      0.6938141E-04   21.90892      0.9576620E-01  0.9373895E-01
   264     1  -36.40005       0.000000      -37.25070      0.8506567      0.6922662E-04   21.86004      0.9820273E-01  0.9735847E-01
   265     1  -36.38809       0.000000      -37.25288      0.8647843      0.7037633E-04   22.22309      0.1007392      0.1005533    
   266     1  -36.38680       0.000000      -37.25452      0.8677189      0.7061515E-04   22.29850      0.1039076      0.1025263    
   267     1  -36.39760       0.000000      -37.25512      0.8575288      0.6978587E-04   22.03664      0.1049395      0.1058645    
   268     1  -36.39171       0.000000      -37.25482      0.8631037      0.7023956E-04   22.17990      0.1038692      0.1062691    
   269     1  -36.37921       0.000000      -37.25401      0.8747991      0.7119133E-04   22.48044      0.9992420E-01  0.1025030    
   270     1  -36.38374       0.000000      -37.25088      0.8671458      0.7056850E-04   22.28377      0.9544468E-01  0.9788517E-01
   271     1  -36.39760       0.000000      -37.24857      0.8509702      0.6925213E-04   21.86809      0.9207814E-01  0.9215761E-01
   272     1  -36.37463       0.000000      -37.24807      0.8734370      0.7108048E-04   22.44544      0.8967481E-01  0.9431838E-01
   273     1  -36.37844       0.000000      -37.24899      0.8705543      0.7084589E-04   22.37136      0.8918096E-01  0.9914223E-01
   274     1  -36.38578       0.000000      -37.25015      0.8643725      0.7034281E-04   22.21250      0.8863811E-01  0.1009550    
   275     1  -36.37975       0.000000      -37.25077      0.8710225      0.7088399E-04   22.38339      0.8975964E-01  0.1030209    
   276     1  -36.39606       0.000000      -37.25033      0.8542692      0.6952061E-04   21.95287      0.9077411E-01  0.1044961    
   277     1  -36.39853       0.000000      -37.25034      0.8518153      0.6932091E-04   21.88981      0.9290265E-01  0.1064461    
   278     1  -36.40714       0.000000      -37.25138      0.8442402      0.6870445E-04   21.69515      0.9388988E-01  0.1072134    
   279     1  -36.39191       0.000000      -37.25161      0.8597000      0.6996256E-04   22.09243      0.9229998E-01  0.1046378    
   280     1  -36.40068       0.000000      -37.25317      0.8524851      0.6937541E-04   21.90702      0.8993347E-01  0.1008892    
   281     1  -36.40286       0.000000      -37.25388      0.8510237      0.6925648E-04   21.86947      0.8840341E-01  0.9449634E-01
   282     1  -36.40754       0.000000      -37.25234      0.8447966      0.6874972E-04   21.70945      0.8859963E-01  0.9136874E-01
   283     1  -36.40645       0.000000      -37.25138      0.8449293      0.6876052E-04   21.71286      0.9043770E-01  0.9421223E-01
   284     1  -36.40116       0.000000      -37.25073      0.8495714      0.6913830E-04   21.83215      0.9212305E-01  0.9637905E-01
   285     1  -36.39574       0.000000      -37.24992      0.8541772      0.6951312E-04   21.95051      0.9235966E-01  0.1010735    
   286     1  -36.38907       0.000000      -37.24963      0.8605663      0.7003306E-04   22.11469      0.9162209E-01  0.1057047    
   287     1  -36.39742       0.000000      -37.24902      0.8516002      0.6930340E-04   21.88428      0.9161305E-01  0.1082794    
   288     1  -36.38090       0.000000      -37.24865      0.8677505      0.7061771E-04   22.29931      0.9269694E-01  0.1073579    
   289     1  -36.38647       0.000000      -37.24892      0.8624466      0.7018608E-04   22.16301      0.9499353E-01  0.1044918    
   290     1  -36.38619       0.000000      -37.24932      0.8631326      0.7024191E-04   22.18064      0.9706650E-01  0.1038727    
   291     1  -36.39240       0.000000      -37.24918      0.8567782      0.6972479E-04   22.01735      0.9923542E-01  0.1043854    
   292     1  -36.38711       0.000000      -37.24895      0.8618343      0.7013625E-04   22.14728      0.1006475      0.1028448    
   293     1  -36.38072       0.000000      -37.24897      0.8682416      0.7065768E-04   22.31193      0.1038243      0.9861498E-01
   294     1  -36.39482       0.000000      -37.24892      0.8541086      0.6950753E-04   21.94874      0.1074103      0.9357500E-01
   295     1  -36.40123       0.000000      -37.24910      0.8478726      0.6900005E-04   21.78849      0.1092471      0.8925039E-01
   296     1  -36.39708       0.000000      -37.24973      0.8526508      0.6938890E-04   21.91128      0.1079565      0.9155378E-01
   297     1  -36.39685       0.000000      -37.24983      0.8529739      0.6941519E-04   21.91958      0.1063213      0.8995070E-01
   298     1  -36.39899       0.000000      -37.24930      0.8503027      0.6919781E-04   21.85094      0.1015301      0.9253497E-01
   299     1  -36.39991       0.000000      -37.24959      0.8496773      0.6914692E-04   21.83487      0.9811123E-01  0.9839022E-01
   300     1  -36.39087       0.000000      -37.24955      0.8586843      0.6987991E-04   22.06633      0.9597854E-01  0.1009919    
   301     1  -36.39441       0.000000      -37.24945      0.8550437      0.6958364E-04   21.97277      0.9514253E-01  0.1011901    
   302     1  -36.38820       0.000000      -37.24848      0.8602765      0.7000948E-04   22.10725      0.9450589E-01  0.1025775    
   303     1  -36.39471       0.000000      -37.24829      0.8535743      0.6946405E-04   21.93501      0.9569482E-01  0.1007078    
   304     1  -36.40037       0.000000      -37.24855      0.8481862      0.6902557E-04   21.79655      0.9650038E-01  0.1011997    
   305     1  -36.39634       0.000000      -37.24770      0.8513620      0.6928401E-04   21.87816      0.1003453      0.9912633E-01
   306     1  -36.39887       0.000000      -37.24822      0.8493442      0.6911981E-04   21.82631      0.1056770      0.9610223E-01
   307     1  -36.40337       0.000000      -37.24809      0.8447180      0.6874333E-04   21.70743      0.1084927      0.9369896E-01
   308     1  -36.40323       0.000000      -37.25012      0.8468930      0.6892032E-04   21.76332      0.1086388      0.9140753E-01
   309     1  -36.39415       0.000000      -37.25202      0.8578771      0.6981422E-04   22.04559      0.1071761      0.9050722E-01
   310     1  -36.38116       0.000000      -37.25364      0.8724757      0.7100225E-04   22.42074      0.1041085      0.9419262E-01
   311     1  -36.38761       0.000000      -37.25378      0.8661683      0.7048896E-04   22.25865      0.9999982E-01  0.9320141E-01
   312     1  -36.39923       0.000000      -37.25346      0.8542283      0.6951728E-04   21.95182      0.9542927E-01  0.9226230E-01
   313     1  -36.39785       0.000000      -37.25299      0.8551410      0.6959155E-04   21.97527      0.9073053E-01  0.8964246E-01
   314     1  -36.40134       0.000000      -37.25250      0.8511668      0.6926813E-04   21.87315      0.8608783E-01  0.8458375E-01
   315     1  -36.38830       0.000000      -37.25252      0.8642166      0.7033013E-04   22.20850      0.8149671E-01  0.8639294E-01
   316     1  -36.38548       0.000000      -37.25270      0.8672154      0.7057417E-04   22.28556      0.8168389E-01  0.8532827E-01
   317     1  -36.38948       0.000000      -37.25266      0.8631793      0.7024571E-04   22.18184      0.8343558E-01  0.8238806E-01
   318     1  -36.38714       0.000000      -37.25229      0.8651531      0.7040634E-04   22.23256      0.8528282E-01  0.8091707E-01
   319     1  -36.40271       0.000000      -37.25320      0.8504863      0.6921275E-04   21.85566      0.8871108E-01  0.7787570E-01
   320     1  -36.40175       0.000000      -37.25467      0.8529263      0.6941132E-04   21.91836      0.9357192E-01  0.7553913E-01
   321     1  -36.41351       0.000000      -37.25564      0.8421300      0.6853272E-04   21.64092      0.9857287E-01  0.7837348E-01
   322     1  -36.40106       0.000000      -37.25372      0.8526632      0.6938991E-04   21.91160      0.1029950      0.7523971E-01
   323     1  -36.39459       0.000000      -37.25274      0.8581477      0.6983624E-04   22.05254      0.1060642      0.7531051E-01
   324     1  -36.39674       0.000000      -37.25143      0.8546871      0.6955462E-04   21.96361      0.1067241      0.7874768E-01
   325     1  -36.38282       0.000000      -37.25086      0.8680361      0.7064096E-04   22.30665      0.1056635      0.8447994E-01
   326     1  -36.37746       0.000000      -37.25181      0.8743466      0.7115451E-04   22.46882      0.1035569      0.8868272E-01
   327     1  -36.39109       0.000000      -37.25233      0.8612347      0.7008746E-04   22.13187      0.1022030      0.8747976E-01
   328     1  -36.39239       0.000000      -37.25236      0.8599672      0.6998431E-04   22.09930      0.9767412E-01  0.8848477E-01
   329     1  -36.38938       0.000000      -37.25032      0.8609381      0.7006332E-04   22.12425      0.9368021E-01  0.8869961E-01
   330     1  -36.39171       0.000000      -37.24725      0.8555420      0.6962419E-04   21.98558      0.9235188E-01  0.8510027E-01
   331     1  -36.39768       0.000000      -37.24818      0.8504980      0.6921370E-04   21.85596      0.9043712E-01  0.8387048E-01
   332     1  -36.39759       0.000000      -37.25016      0.8525710      0.6938240E-04   21.90923      0.8879801E-01  0.8613539E-01
   333     1  -36.38522       0.000000      -37.25131      0.8660934      0.7048286E-04   22.25673      0.8802451E-01  0.8822500E-01
   334     1  -36.39796       0.000000      -37.24924      0.8512751      0.6927695E-04   21.87593      0.8788655E-01  0.8717903E-01
   335     1  -36.39711       0.000000      -37.24785      0.8507435      0.6923368E-04   21.86227      0.9046307E-01  0.8477382E-01
   336     1  -36.38773       0.000000      -37.24844      0.8607103      0.7004478E-04   22.11839      0.9643213E-01  0.8465476E-01
   337     1  -36.39732       0.000000      -37.24816      0.8508442      0.6924188E-04   21.86486      0.1015813      0.8537536E-01
   338     1  -36.39270       0.000000      -37.24862      0.8559155      0.6965458E-04   21.99518      0.1043935      0.8680371E-01
   339     1  -36.38331       0.000000      -37.25091      0.8676041      0.7060581E-04   22.29555      0.1041459      0.8981240E-01
   340     1  -36.38358       0.000000      -37.25316      0.8695802      0.7076662E-04   22.34633      0.1036640      0.8668932E-01
   341     1  -36.40261       0.000000      -37.25348      0.8508729      0.6924422E-04   21.86559      0.1032038      0.8235722E-01
   342     1  -36.39625       0.000000      -37.25177      0.8555210      0.6962248E-04   21.98504      0.1025413      0.8165950E-01
   343     1  -36.39404       0.000000      -37.25112      0.8570808      0.6974941E-04   22.02512      0.1016836      0.8152115E-01
   344     1  -36.39490       0.000000      -37.25124      0.8563461      0.6968963E-04   22.00624      0.9980558E-01  0.8211920E-01
   345     1  -36.38456       0.000000      -37.25208      0.8675147      0.7059852E-04   22.29325      0.9900032E-01  0.8688841E-01
   346     1  -36.39345       0.000000      -37.25131      0.8578582      0.6981268E-04   22.04510      0.9858502E-01  0.8667636E-01
   347     1  -36.39701       0.000000      -37.25048      0.8534730      0.6945581E-04   21.93241      0.9801179E-01  0.8548623E-01
   348     1  -36.40016       0.000000      -37.24862      0.8484619      0.6904800E-04   21.80364      0.9781829E-01  0.8402760E-01
   349     1  -36.38898       0.000000      -37.24831      0.8593277      0.6993227E-04   22.08286      0.9646112E-01  0.8635549E-01
   350     1  -36.39768       0.000000      -37.24962      0.8519388      0.6933096E-04   21.89298      0.9537022E-01  0.8634771E-01
   351     1  -36.38029       0.000000      -37.25061      0.8703214      0.7082694E-04   22.36538      0.9461495E-01  0.8590534E-01
   352     1  -36.38558       0.000000      -37.24937      0.8637945      0.7029577E-04   22.19765      0.9456307E-01  0.8699047E-01
   353     1  -36.39337       0.000000      -37.24982      0.8564523      0.6969827E-04   22.00897      0.9797536E-01  0.8704359E-01
   354     1  -36.39355       0.000000      -37.25210      0.8585459      0.6986865E-04   22.06277      0.1002361      0.8925941E-01
   355     1  -36.40250       0.000000      -37.25256      0.8500624      0.6917825E-04   21.84476      0.1026174      0.8964046E-01
   356     1  -36.40943       0.000000      -37.25160      0.8421719      0.6853612E-04   21.64200      0.1035210      0.8471941E-01
   357     1  -36.40973       0.000000      -37.25067      0.8409392      0.6843581E-04   21.61032      0.1022406      0.7969417E-01
   358     1  -36.40019       0.000000      -37.24967      0.8494794      0.6913081E-04   21.82978      0.1014917      0.7958707E-01
   359     1  -36.40119       0.000000      -37.24975      0.8485595      0.6905595E-04   21.80614      0.1001876      0.8049711E-01
   360     1  -36.40024       0.000000      -37.25031      0.8500726      0.6917908E-04   21.84503      0.9775957E-01  0.7867157E-01
   361     1  -36.40581       0.000000      -37.25194      0.8461315      0.6885836E-04   21.74375      0.9646874E-01  0.7779081E-01
   362     1  -36.39719       0.000000      -37.25384      0.8566526      0.6971457E-04   22.01412      0.9630236E-01  0.7745205E-01
   363     1  -36.39278       0.000000      -37.25355      0.8607698      0.7004962E-04   22.11992      0.9612908E-01  0.7598304E-01
   364     1  -36.39692       0.000000      -37.25241      0.8554911      0.6962004E-04   21.98427      0.9396036E-01  0.7394264E-01
   365     1  -36.40366       0.000000      -37.25097      0.8473084      0.6895414E-04   21.77399      0.8969536E-01  0.7544907E-01
   366     1  -36.39451       0.000000      -37.25137      0.8568615      0.6973157E-04   22.01949      0.8710906E-01  0.8386022E-01
   367     1  -36.39030       0.000000      -37.25239      0.8620873      0.7015685E-04   22.15378      0.8413275E-01  0.8935469E-01
   368     1  -36.39725       0.000000      -37.25218      0.8549335      0.6957467E-04   21.96994      0.8248513E-01  0.9040436E-01
   369     1  -36.40270       0.000000      -37.25161      0.8489078      0.6908429E-04   21.81509      0.8495280E-01  0.8969048E-01
   370     1  -36.37836       0.000000      -37.25118      0.8728259      0.7103076E-04   22.42974      0.8905375E-01  0.9658511E-01
   371     1  -36.39774       0.000000      -37.24985      0.8521083      0.6934475E-04   21.89734      0.9321154E-01  0.1008533    
   372     1  -36.39397       0.000000      -37.24995      0.8559835      0.6966012E-04   21.99693      0.9834472E-01  0.1029458    
   373     1  -36.41067       0.000000      -37.25035      0.8396737      0.6833282E-04   21.57780      0.1041258      0.1020214    
   374     1  -36.39469       0.000000      -37.24950      0.8548139      0.6956493E-04   21.96687      0.1082804      0.9834787E-01
   375     1  -36.39737       0.000000      -37.24809      0.8507188      0.6923167E-04   21.86163      0.1120483      0.9601761E-01
   376     1  -36.39298       0.000000      -37.24721      0.8542320      0.6951758E-04   21.95192      0.1134393      0.9572637E-01
   377     1  -36.39240       0.000000      -37.24654      0.8541476      0.6951071E-04   21.94975      0.1127262      0.9995108E-01
   378     1  -36.39051       0.000000      -37.24632      0.8558112      0.6964609E-04   21.99250      0.1119688      0.1001211    
   379     1  -36.38750       0.000000      -37.24761      0.8601030      0.6999536E-04   22.10279      0.1108773      0.9384750E-01
   380     1  -36.37962       0.000000      -37.24753      0.8679170      0.7063127E-04   22.30359      0.1076099      0.8807937E-01
   381     1  -36.38492       0.000000      -37.24813      0.8632123      0.7024839E-04   22.18269      0.1034369      0.8445460E-01
   382     1  -36.39900       0.000000      -37.24949      0.8504845      0.6921260E-04   21.85561      0.9992485E-01  0.8622108E-01
   383     1  -36.40365       0.000000      -37.24980      0.8461439      0.6885936E-04   21.74407      0.9725754E-01  0.8894650E-01
   384     1  -36.39576       0.000000      -37.24866      0.8528980      0.6940902E-04   21.91763      0.9693189E-01  0.9084373E-01
   385     1  -36.39078       0.000000      -37.24718      0.8563965      0.6969372E-04   22.00754      0.9482723E-01  0.8756927E-01
   386     1  -36.39433       0.000000      -37.24838      0.8540547      0.6950315E-04   21.94736      0.9502626E-01  0.8034480E-01
   387     1  -36.39334       0.000000      -37.24845      0.8551062      0.6958872E-04   21.97438      0.9570830E-01  0.7612227E-01
   388     1  -36.40236       0.000000      -37.24768      0.8453205      0.6879236E-04   21.72291      0.9599565E-01  0.7155563E-01
   389     1  -36.40657       0.000000      -37.24887      0.8422997      0.6854653E-04   21.64528      0.9529711E-01  0.7721095E-01
   390     1  -36.39196       0.000000      -37.25225      0.8602872      0.7001035E-04   22.10752      0.9433762E-01  0.8579390E-01
   391     1  -36.40079       0.000000      -37.25406      0.8532690      0.6943921E-04   21.92717      0.9189423E-01  0.9126569E-01
   392     1  -36.38711       0.000000      -37.25190      0.8647830      0.7037622E-04   22.22305      0.9109069E-01  0.9566019E-01
   393     1  -36.39733       0.000000      -37.24937      0.8520397      0.6933916E-04   21.89558      0.9082336E-01  0.9668979E-01
   394     1  -36.40639       0.000000      -37.24822      0.8418280      0.6850814E-04   21.63316      0.9049694E-01  0.9631794E-01
   395     1  -36.40399       0.000000      -37.24838      0.8443945      0.6871700E-04   21.69911      0.9050297E-01  0.9635274E-01
   396     1  -36.39284       0.000000      -37.24838      0.8555379      0.6962385E-04   21.98547      0.9245058E-01  0.9625497E-01
   397     1  -36.40387       0.000000      -37.24831      0.8444458      0.6872118E-04   21.70043      0.9541318E-01  0.9331110E-01
   398     1  -36.38707       0.000000      -37.24978      0.8627085      0.7020739E-04   22.16974      0.9778735E-01  0.9598440E-01
   399     1  -36.38031       0.000000      -37.25126      0.8709447      0.7087766E-04   22.38140      0.1004399      0.1005238    
   400     1  -36.37753       0.000000      -37.25048      0.8729498      0.7104084E-04   22.43292      0.1028769      0.9926629E-01
   401     1  -36.37569       0.000000      -37.24911      0.8734283      0.7107978E-04   22.44522      0.1033119      0.1020152    
   402     1  -36.39074       0.000000      -37.24723      0.8564826      0.6970073E-04   22.00975      0.1012614      0.1053744    
   403     1  -36.38899       0.000000      -37.24622      0.8572303      0.6976158E-04   22.02897      0.9793302E-01  0.1055785    
   404     1  -36.39762       0.000000      -37.24656      0.8489441      0.6908725E-04   21.81603      0.9531500E-01  0.1013802    
   405     1  -36.39496       0.000000      -37.24695      0.8519949      0.6933552E-04   21.89443      0.9488068E-01  0.9504430E-01
   406     1  -36.40774       0.000000      -37.24802      0.8402824      0.6838236E-04   21.59344      0.9550377E-01  0.8930744E-01
   407     1  -36.39369       0.000000      -37.24966      0.8559703      0.6965904E-04   21.99659      0.9591392E-01  0.8882343E-01
   408     1  -36.40302       0.000000      -37.25019      0.8471773      0.6894347E-04   21.77063      0.9410152E-01  0.9070675E-01
   409     1  -36.38100       0.000000      -37.25124      0.8702379      0.7082014E-04   22.36323      0.9159549E-01  0.9405823E-01
   410     1  -36.40078       0.000000      -37.25125      0.8504667      0.6921116E-04   21.85516      0.9081525E-01  0.9215501E-01
   411     1  -36.38947       0.000000      -37.25021      0.8607378      0.7004702E-04   22.11910      0.8976020E-01  0.8990345E-01
   412     1  -36.39974       0.000000      -37.24848      0.8487431      0.6907089E-04   21.81086      0.8863388E-01  0.8919167E-01
   413     1  -36.40879       0.000000      -37.24882      0.8400300      0.6836182E-04   21.58695      0.8993779E-01  0.8822093E-01
   414     1  -36.39465       0.000000      -37.25106      0.8564074      0.6969462E-04   22.00782      0.9102080E-01  0.9084531E-01
   415     1  -36.39366       0.000000      -37.25270      0.8590459      0.6990933E-04   22.07562      0.9050062E-01  0.9268211E-01
   416     1  -36.39573       0.000000      -37.25283      0.8571061      0.6975147E-04   22.02577      0.9082111E-01  0.9479575E-01
   417     1  -36.40975       0.000000      -37.25278      0.8430346      0.6860633E-04   21.66416      0.9556885E-01  0.9579891E-01
   418     1  -36.40452       0.000000      -37.25160      0.8470862      0.6893605E-04   21.76828      0.9836483E-01  0.9493101E-01
   419     1  -36.40421       0.000000      -37.24973      0.8455196      0.6880856E-04   21.72802      0.1015990      0.9546052E-01
   420     1  -36.40556       0.000000      -37.24951      0.8439444      0.6868037E-04   21.68755      0.1034512      0.9652097E-01
   421     1  -36.39738       0.000000      -37.25082      0.8534453      0.6945355E-04   21.93170      0.1050426      0.9873201E-01
   422     1  -36.38937       0.000000      -37.25055      0.8611760      0.7008268E-04   22.13036      0.1063555      0.9976681E-01
   423     1  -36.40129       0.000000      -37.25023      0.8489469      0.6908747E-04   21.81610      0.1093627      0.1002469    
   424     1  -36.40175       0.000000      -37.24812      0.8463787      0.6887848E-04   21.75010      0.1116290      0.9696543E-01
   425     1  -36.39991       0.000000      -37.24800      0.8480935      0.6901803E-04   21.79417      0.1108304      0.9439020E-01
   426     1  -36.39942       0.000000      -37.24992      0.8504953      0.6921349E-04   21.85589      0.1057930      0.9183119E-01
   427     1  -36.39668       0.000000      -37.25250      0.8558228      0.6964704E-04   21.99280      0.9980840E-01  0.9119891E-01
   428     1  -36.39290       0.000000      -37.25178      0.8588819      0.6989599E-04   22.07141      0.9479928E-01  0.8994763E-01
   429     1  -36.38991       0.000000      -37.25071      0.8608020      0.7005224E-04   22.12075      0.9158681E-01  0.9641736E-01
   430     1  -36.39510       0.000000      -37.24905      0.8539524      0.6949482E-04   21.94473      0.9062753E-01  0.1006432    
   431     1  -36.40288       0.000000      -37.24989      0.8470037      0.6892934E-04   21.76616      0.9103499E-01  0.1039434    
   432     1  -36.40214       0.000000      -37.25222      0.8500788      0.6917959E-04   21.84519      0.9182210E-01  0.1045154    
   433     1  -36.40414       0.000000      -37.25284      0.8487028      0.6906761E-04   21.80983      0.9237940E-01  0.1064694    
   434     1  -36.39042       0.000000      -37.25346      0.8630411      0.7023447E-04   22.17829      0.9397555E-01  0.1072402    
   435     1  -36.38595       0.000000      -37.25404      0.8680835      0.7064481E-04   22.30787      0.9766892E-01  0.1075928    
   436     1  -36.38326       0.000000      -37.25224      0.8689823      0.7071796E-04   22.33097      0.9964721E-01  0.1060524    
   437     1  -36.39207       0.000000      -37.25098      0.8589126      0.6989849E-04   22.07220      0.1013075      0.1032470    
   438     1  -36.39317       0.000000      -37.25008      0.8569140      0.6973584E-04   22.02084      0.1031115      0.9974791E-01
   439     1  -36.39937       0.000000      -37.24842      0.8490541      0.6909620E-04   21.81886      0.1043544      0.9768197E-01
   440     1  -36.40040       0.000000      -37.24702      0.8466258      0.6889859E-04   21.75645      0.1047927      0.9640791E-01
   441     1  -36.39120       0.000000      -37.24771      0.8565102      0.6970298E-04   22.01046      0.1029253      0.9932865E-01
   442     1  -36.39030       0.000000      -37.24920      0.8588939      0.6989696E-04   22.07171      0.9959318E-01  0.1039082    
   443     1  -36.39577       0.000000      -37.24975      0.8539802      0.6949709E-04   21.94544      0.9481315E-01  0.1041933    
   444     1  -36.40032       0.000000      -37.24901      0.8486874      0.6906635E-04   21.80943      0.9044764E-01  0.1027237    
   445     1  -36.40344       0.000000      -37.24822      0.8447879      0.6874902E-04   21.70922      0.8679528E-01  0.1029411    
   446     1  -36.40761       0.000000      -37.24710      0.8394901      0.6831788E-04   21.57308      0.8581569E-01  0.1003312    
   447     1  -36.39729       0.000000      -37.24670      0.8494028      0.6912458E-04   21.82782      0.8727514E-01  0.9859865E-01
   448     1  -36.39740       0.000000      -37.24666      0.8492606      0.6911301E-04   21.82416      0.8946121E-01  0.9525590E-01
   449     1  -36.39264       0.000000      -37.24722      0.8545763      0.6954560E-04   21.96076      0.9365267E-01  0.9411478E-01
   450     1  -36.39629       0.000000      -37.24770      0.8514055      0.6928756E-04   21.87928      0.9979450E-01  0.9508471E-01
   451     1  -36.39608       0.000000      -37.24775      0.8516699      0.6930908E-04   21.88608      0.1060889      0.9797903E-01
   452     1  -36.39426       0.000000      -37.24884      0.8545793      0.6954584E-04   21.96084      0.1105809      0.1024486    
   453     1  -36.38648       0.000000      -37.24984      0.8633625      0.7026062E-04   22.18655      0.1125373      0.1060504    
   454     1  -36.38523       0.000000      -37.24867      0.8634354      0.7026655E-04   22.18842      0.1125753      0.1065683    
   455     1  -36.38063       0.000000      -37.24682      0.8661881      0.7049057E-04   22.25916      0.1105771      0.1037446    
   456     1  -36.38615       0.000000      -37.24568      0.8595284      0.6994860E-04   22.08802      0.1069439      0.1038854    
   457     1  -36.38299       0.000000      -37.24634      0.8633523      0.7025979E-04   22.18629      0.1037458      0.1030857    
   458     1  -36.39153       0.000000      -37.24883      0.8572959      0.6976692E-04   22.03065      0.9881692E-01  0.9898759E-01
   459     1  -36.39444       0.000000      -37.25096      0.8565217      0.6970391E-04   22.01075      0.9232294E-01  0.9802258E-01
   460     1  -36.38890       0.000000      -37.25154      0.8626324      0.7020121E-04   22.16779      0.9030428E-01  0.9615087E-01
   461     1  -36.40816       0.000000      -37.25142      0.8432670      0.6862525E-04   21.67014      0.8903867E-01  0.9478519E-01
   462     1  -36.41183       0.000000      -37.25249      0.8406564      0.6841279E-04   21.60305      0.8790729E-01  0.1002089    
   463     1  -36.40465       0.000000      -37.25328      0.8486283      0.6906155E-04   21.80791      0.8733401E-01  0.1087229    
   464     1  -36.39767       0.000000      -37.25303      0.8553672      0.6960996E-04   21.98109      0.8783302E-01  0.1114409    
   465     1  -36.39557       0.000000      -37.25003      0.8544608      0.6953620E-04   21.95779      0.9084770E-01  0.1085971    
   466     1  -36.38477       0.000000      -37.24666      0.8618881      0.7014063E-04   22.14866      0.9231831E-01  0.1034798    
   467     1  -36.39911       0.000000      -37.24515      0.8460360      0.6885059E-04   21.74130      0.9500829E-01  0.9934008E-01
   468     1  -36.38594       0.000000      -37.24575      0.8598111      0.6997161E-04   22.09529      0.9794230E-01  0.9779609E-01
   469     1  -36.38367       0.000000      -37.24704      0.8633719      0.7026138E-04   22.18679      0.9979027E-01  0.9685970E-01
   470     1  -36.38324       0.000000      -37.24855      0.8653075      0.7041891E-04   22.23653      0.1015452      0.9680795E-01
   471     1  -36.37786       0.000000      -37.24969      0.8718337      0.7095001E-04   22.40424      0.1037298      0.1018727    
   472     1  -36.38915       0.000000      -37.25020      0.8610465      0.7007214E-04   22.12703      0.1035275      0.1068315    
   473     1  -36.38969       0.000000      -37.25014      0.8604559      0.7002408E-04   22.11186      0.1017606      0.1077755    
   474     1  -36.38811       0.000000      -37.25078      0.8626694      0.7020421E-04   22.16874      0.1034827      0.1070865    
   475     1  -36.38335       0.000000      -37.24934      0.8659909      0.7047452E-04   22.25409      0.1051147      0.1031955    
   476     1  -36.38840       0.000000      -37.24793      0.8595256      0.6994838E-04   22.08795      0.1046247      0.1000482    
   477     1  -36.39203       0.000000      -37.24961      0.8575741      0.6978956E-04   22.03780      0.1032608      0.1006764    
   478     1  -36.38880       0.000000      -37.25069      0.8618917      0.7014093E-04   22.14875      0.1007003      0.9923473E-01
   479     1  -36.38618       0.000000      -37.25058      0.8644036      0.7034535E-04   22.21330      0.9976920E-01  0.9469494E-01
   480     1  -36.39145       0.000000      -37.25162      0.8601749      0.7000121E-04   22.10463      0.9939066E-01  0.8981936E-01
   481     1  -36.40099       0.000000      -37.25374      0.8527556      0.6939743E-04   21.91398      0.9768154E-01  0.9043921E-01
   482     1  -36.39635       0.000000      -37.25347      0.8571235      0.6975289E-04   22.02622      0.9266209E-01  0.9317902E-01
   483     1  -36.37337       0.000000      -37.25208      0.8787130      0.7150985E-04   22.58102      0.8682690E-01  0.9375109E-01
   484     1  -36.39083       0.000000      -37.25090      0.8600609      0.6999194E-04   22.10171      0.8428264E-01  0.8977272E-01
   485     1  -36.37640       0.000000      -37.25107      0.8746699      0.7118082E-04   22.47712      0.8459373E-01  0.8677940E-01
   486     1  -36.39205       0.000000      -37.25213      0.8600812      0.6999359E-04   22.10223      0.8825270E-01  0.8283013E-01
   487     1  -36.39304       0.000000      -37.25388      0.8608482      0.7005601E-04   22.12194      0.8964475E-01  0.8581975E-01
   488     1  -36.38171       0.000000      -37.25373      0.8720174      0.7096496E-04   22.40896      0.9057982E-01  0.8962371E-01
   489     1  -36.37734       0.000000      -37.25252      0.8751822      0.7122251E-04   22.49029      0.9048752E-01  0.9127219E-01
   490     1  -36.39030       0.000000      -37.25261      0.8623096      0.7017494E-04   22.15949      0.8986048E-01  0.9097612E-01
   491     1  -36.39429       0.000000      -37.25102      0.8567341      0.6972120E-04   22.01621      0.9105880E-01  0.9433302E-01
   492     1  -36.38612       0.000000      -37.25185      0.8657317      0.7045343E-04   22.24743      0.9302122E-01  0.9993022E-01
   493     1  -36.38668       0.000000      -37.25235      0.8656647      0.7044798E-04   22.24571      0.9596026E-01  0.1046275    
   494     1  -36.37749       0.000000      -37.25057      0.8730804      0.7105147E-04   22.43628      0.9858854E-01  0.9831556E-01
   495     1  -36.37984       0.000000      -37.25068      0.8708393      0.7086908E-04   22.37869      0.9765854E-01  0.9472300E-01
   496     1  -36.39318       0.000000      -37.25193      0.8587482      0.6988510E-04   22.06797      0.9589697E-01  0.9299178E-01
   497     1  -36.39664       0.000000      -37.25295      0.8563111      0.6968678E-04   22.00534      0.9189403E-01  0.9248213E-01
   498     1  -36.39715       0.000000      -37.25267      0.8555174      0.6962218E-04   21.98495      0.8783339E-01  0.8864923E-01
   499     1  -36.39184       0.000000      -37.25217      0.8603321      0.7001401E-04   22.10867      0.8297915E-01  0.8752478E-01
   500     1  -36.39643       0.000000      -37.25186      0.8554261      0.6961475E-04   21.98260      0.8070514E-01  0.8554212E-01
